<?xml version="1.0" encoding="UTF-8"?>
<testng-results ignored="0" total="1" passed="1" failed="0" skipped="0">
  <reporter-output>
  </reporter-output>
  <suite started-at="2024-12-30T12:44:06 COT" name="Default suite" finished-at="2024-12-30T12:44:30 COT" duration-ms="24475">
    <groups>
    </groups>
    <test started-at="2024-12-30T12:44:06 COT" name="Default test" finished-at="2024-12-30T12:44:30 COT" duration-ms="24475">
      <class name="runtTest.ClassMain">
        <test-method is-config="true" signature="beforeClass()[pri:0, instance:runtTest.ClassMain@1bd4fdd]" started-at="2024-12-30T12:44:06 COT" name="beforeClass" finished-at="2024-12-30T12:44:06 COT" duration-ms="25" status="PASS">
          <reporter-output>
          </reporter-output>
        </test-method> <!-- beforeClass -->
        <test-method signature="test1()[pri:0, instance:runtTest.ClassMain@1bd4fdd]" started-at="2024-12-30T12:44:06 COT" name="test1" finished-at="2024-12-30T12:44:28 COT" duration-ms="22364" status="PASS">
          <reporter-output>
          </reporter-output>
        </test-method> <!-- test1 -->
        <test-method is-config="true" signature="afterClass()[pri:0, instance:runtTest.ClassMain@1bd4fdd]" started-at="2024-12-30T12:44:28 COT" name="afterClass" finished-at="2024-12-30T12:44:30 COT" duration-ms="2028" status="PASS">
          <reporter-output>
          </reporter-output>
        </test-method> <!-- afterClass -->
      </class> <!-- runtTest.ClassMain -->
    </test> <!-- Default test -->
  </suite> <!-- Default suite -->
</testng-results>
